{"name":"as Admin Try Edit Group","status":"skipped","statusDetails":{"known":false,"muted":false,"flaky":false,"message":"element click intercepted: Element <a _ngcontent-uyo-c7=\"\" id=\"groups\" class=\"nav-link\" ng-reflect-ng-class=\"[object Object]\">...</a> is not clickable at point (149, 93). Other element would receive the click: <div _ngcontent-uyo-c1=\"\" class=\"overlay ng-tns-c1-0 ng-trigger ng-trigger-fadeIn ng-star-inserted\" style=\"background-color: rgba(51, 51, 51, 0.8); z-index: 99999; position: fixed; opacity: 1;\">...</div>\n  (Session info: chrome=84.0.4147.125)\nBuild info: version: '3.141.5', revision: 'd54ebd709a', time: '2018-11-06T11:42:16'\nSystem info: host: 'LENOVO-PBLDPFA', ip: '192.168.56.1', os.name: 'Windows 10', os.arch: 'amd64', os.version: '10.0', java.version: '1.8.0_241'\nDriver info: org.openqa.selenium.remote.RemoteWebDriver\nCapabilities {acceptInsecureCerts: false, browserName: chrome, browserVersion: 84.0.4147.125, chrome: {chromedriverVersion: 83.0.4103.39 (ccbf011cb2d2b..., userDataDir: C:\\Users\\User\\AppData\\Local...}, goog:chromeOptions: {debuggerAddress: localhost:63890}, javascriptEnabled: true, networkConnectionEnabled: false, pageLoadStrategy: normal, platform: WINDOWS, platformName: WINDOWS, proxy: Proxy(), setWindowRect: true, strictFileInteractability: false, timeouts: {implicit: 0, pageLoad: 300000, script: 30000}, unhandledPromptBehavior: dismiss and notify, webauthn:virtualAuthenticators: true, webdriver.remote.sessionid: 4cfd2c3a2a8837a1c651dcdb374...}\nSession ID: 4cfd2c3a2a8837a1c651dcdb37465cb3","trace":"org.openqa.selenium.ElementClickInterceptedException: element click intercepted: Element <a _ngcontent-uyo-c7=\"\" id=\"groups\" class=\"nav-link\" ng-reflect-ng-class=\"[object Object]\">...</a> is not clickable at point (149, 93). Other element would receive the click: <div _ngcontent-uyo-c1=\"\" class=\"overlay ng-tns-c1-0 ng-trigger ng-trigger-fadeIn ng-star-inserted\" style=\"background-color: rgba(51, 51, 51, 0.8); z-index: 99999; position: fixed; opacity: 1;\">...</div>\n  (Session info: chrome=84.0.4147.125)\nBuild info: version: '3.141.5', revision: 'd54ebd709a', time: '2018-11-06T11:42:16'\nSystem info: host: 'LENOVO-PBLDPFA', ip: '192.168.56.1', os.name: 'Windows 10', os.arch: 'amd64', os.version: '10.0', java.version: '1.8.0_241'\nDriver info: org.openqa.selenium.remote.RemoteWebDriver\nCapabilities {acceptInsecureCerts: false, browserName: chrome, browserVersion: 84.0.4147.125, chrome: {chromedriverVersion: 83.0.4103.39 (ccbf011cb2d2b..., userDataDir: C:\\Users\\User\\AppData\\Local...}, goog:chromeOptions: {debuggerAddress: localhost:63890}, javascriptEnabled: true, networkConnectionEnabled: false, pageLoadStrategy: normal, platform: WINDOWS, platformName: WINDOWS, proxy: Proxy(), setWindowRect: true, strictFileInteractability: false, timeouts: {implicit: 0, pageLoad: 300000, script: 30000}, unhandledPromptBehavior: dismiss and notify, webauthn:virtualAuthenticators: true, webdriver.remote.sessionid: 4cfd2c3a2a8837a1c651dcdb374...}\nSession ID: 4cfd2c3a2a8837a1c651dcdb37465cb3\r\n\tat sun.reflect.NativeConstructorAccessorImpl.newInstance0(Native Method)\r\n\tat sun.reflect.NativeConstructorAccessorImpl.newInstance(NativeConstructorAccessorImpl.java:62)\r\n\tat sun.reflect.DelegatingConstructorAccessorImpl.newInstance(DelegatingConstructorAccessorImpl.java:45)\r\n\tat java.lang.reflect.Constructor.newInstance(Constructor.java:423)\r\n\tat org.openqa.selenium.remote.http.W3CHttpResponseCodec.createException(W3CHttpResponseCodec.java:187)\r\n\tat org.openqa.selenium.remote.http.W3CHttpResponseCodec.decode(W3CHttpResponseCodec.java:122)\r\n\tat org.openqa.selenium.remote.http.W3CHttpResponseCodec.decode(W3CHttpResponseCodec.java:49)\r\n\tat org.openqa.selenium.remote.HttpCommandExecutor.execute(HttpCommandExecutor.java:158)\r\n\tat org.openqa.selenium.remote.RemoteWebDriver.execute(RemoteWebDriver.java:552)\r\n\tat org.openqa.selenium.remote.RemoteWebElement.execute(RemoteWebElement.java:285)\r\n\tat org.openqa.selenium.remote.RemoteWebElement.click(RemoteWebElement.java:84)\r\n\tat sun.reflect.GeneratedMethodAccessor21.invoke(Unknown Source)\r\n\tat sun.reflect.DelegatingMethodAccessorImpl.invoke(DelegatingMethodAccessorImpl.java:43)\r\n\tat java.lang.reflect.Method.invoke(Method.java:498)\r\n\tat org.openqa.selenium.support.pagefactory.internal.LocatingElementHandler.invoke(LocatingElementHandler.java:51)\r\n\tat com.sun.proxy.$Proxy19.click(Unknown Source)\r\n\tat PageObject.GroupPage.clickOnGroupButton(GroupPage.java:61)\r\n\tat Tests.editGroup.asAdminTryEditGroup(editGroup.java:27)\r\n\tat sun.reflect.NativeMethodAccessorImpl.invoke0(Native Method)\r\n\tat sun.reflect.NativeMethodAccessorImpl.invoke(NativeMethodAccessorImpl.java:62)\r\n\tat sun.reflect.DelegatingMethodAccessorImpl.invoke(DelegatingMethodAccessorImpl.java:43)\r\n\tat java.lang.reflect.Method.invoke(Method.java:498)\r\n\tat org.testng.internal.MethodInvocationHelper.invokeMethod(MethodInvocationHelper.java:133)\r\n\tat org.testng.internal.TestInvoker.invokeMethod(TestInvoker.java:584)\r\n\tat org.testng.internal.TestInvoker.invokeTestMethod(TestInvoker.java:172)\r\n\tat org.testng.internal.MethodRunner.runInSequence(MethodRunner.java:46)\r\n\tat org.testng.internal.TestInvoker$MethodInvocationAgent.invoke(TestInvoker.java:804)\r\n\tat org.testng.internal.TestInvoker.invokeTestMethods(TestInvoker.java:145)\r\n\tat org.testng.internal.TestMethodWorker.invokeTestMethods(TestMethodWorker.java:146)\r\n\tat org.testng.internal.TestMethodWorker.run(TestMethodWorker.java:128)\r\n\tat java.util.concurrent.ThreadPoolExecutor.runWorker(ThreadPoolExecutor.java:1149)\r\n\tat java.util.concurrent.ThreadPoolExecutor$Worker.run(ThreadPoolExecutor.java:624)\r\n\tat java.lang.Thread.run(Thread.java:748)\r\n"},"stage":"finished","steps":[{"name":"typeIntoPhoneNumberField","status":"passed","stage":"finished","steps":[],"attachments":[],"parameters":[{"name":"phoneNumber","value":"+48617890766"}],"start":1597304273653,"stop":1597304274000},{"name":"typeIntoUsernameField","status":"passed","stage":"finished","steps":[],"attachments":[],"parameters":[{"name":"user","value":"u.user1"}],"start":1597304274000,"stop":1597304274264},{"name":"typeIntoPasswordField","status":"passed","stage":"finished","steps":[],"attachments":[],"parameters":[{"name":"pass","value":"pass1"}],"start":1597304274264,"stop":1597304274573},{"name":"clickIntoLogInButton","status":"passed","stage":"finished","steps":[],"attachments":[],"parameters":[],"start":1597304274573,"stop":1597304274840},{"name":"checkPositiveLoginToApp","status":"passed","stage":"finished","steps":[],"attachments":[],"parameters":[],"start":1597304274840,"stop":1597304276353},{"name":"clickOnUserAndPermissionButton","status":"passed","stage":"finished","steps":[],"attachments":[],"parameters":[],"start":1597304276354,"stop":1597304283661},{"name":"clickOnGroupButton","status":"broken","statusDetails":{"known":false,"muted":false,"flaky":false,"message":"element click intercepted: Element <a _ngcontent-uyo-c7=\"\" id=\"groups\" class=\"nav-link\" ng-reflect-ng-class=\"[object Object]\">...</a> is not clickable at point (149, 93). Other element would receive the click: <div _ngcontent-uyo-c1=\"\" class=\"overlay ng-tns-c1-0 ng-trigger ng-trigger-fadeIn ng-star-inserted\" style=\"background-color: rgba(51, 51, 51, 0.8); z-index: 99999; position: fixed; opacity: 1;\">...</div>\n  (Session info: chrome=84.0.4147.125)\nBuild info: version: '3.141.5', revision: 'd54ebd709a', time: '2018-11-06T11:42:16'\nSystem info: host: 'LENOVO-PBLDPFA', ip: '192.168.56.1', os.name: 'Windows 10', os.arch: 'amd64', os.version: '10.0', java.version: '1.8.0_241'\nDriver info: org.openqa.selenium.remote.RemoteWebDriver\nCapabilities {acceptInsecureCerts: false, browserName: chrome, browserVersion: 84.0.4147.125, chrome: {chromedriverVersion: 83.0.4103.39 (ccbf011cb2d2b..., userDataDir: C:\\Users\\User\\AppData\\Local...}, goog:chromeOptions: {debuggerAddress: localhost:63890}, javascriptEnabled: true, networkConnectionEnabled: false, pageLoadStrategy: normal, platform: WINDOWS, platformName: WINDOWS, proxy: Proxy(), setWindowRect: true, strictFileInteractability: false, timeouts: {implicit: 0, pageLoad: 300000, script: 30000}, unhandledPromptBehavior: dismiss and notify, webauthn:virtualAuthenticators: true, webdriver.remote.sessionid: 4cfd2c3a2a8837a1c651dcdb374...}\nSession ID: 4cfd2c3a2a8837a1c651dcdb37465cb3","trace":"org.openqa.selenium.ElementClickInterceptedException: element click intercepted: Element <a _ngcontent-uyo-c7=\"\" id=\"groups\" class=\"nav-link\" ng-reflect-ng-class=\"[object Object]\">...</a> is not clickable at point (149, 93). Other element would receive the click: <div _ngcontent-uyo-c1=\"\" class=\"overlay ng-tns-c1-0 ng-trigger ng-trigger-fadeIn ng-star-inserted\" style=\"background-color: rgba(51, 51, 51, 0.8); z-index: 99999; position: fixed; opacity: 1;\">...</div>\n  (Session info: chrome=84.0.4147.125)\nBuild info: version: '3.141.5', revision: 'd54ebd709a', time: '2018-11-06T11:42:16'\nSystem info: host: 'LENOVO-PBLDPFA', ip: '192.168.56.1', os.name: 'Windows 10', os.arch: 'amd64', os.version: '10.0', java.version: '1.8.0_241'\nDriver info: org.openqa.selenium.remote.RemoteWebDriver\nCapabilities {acceptInsecureCerts: false, browserName: chrome, browserVersion: 84.0.4147.125, chrome: {chromedriverVersion: 83.0.4103.39 (ccbf011cb2d2b..., userDataDir: C:\\Users\\User\\AppData\\Local...}, goog:chromeOptions: {debuggerAddress: localhost:63890}, javascriptEnabled: true, networkConnectionEnabled: false, pageLoadStrategy: normal, platform: WINDOWS, platformName: WINDOWS, proxy: Proxy(), setWindowRect: true, strictFileInteractability: false, timeouts: {implicit: 0, pageLoad: 300000, script: 30000}, unhandledPromptBehavior: dismiss and notify, webauthn:virtualAuthenticators: true, webdriver.remote.sessionid: 4cfd2c3a2a8837a1c651dcdb374...}\nSession ID: 4cfd2c3a2a8837a1c651dcdb37465cb3\r\n\tat sun.reflect.NativeConstructorAccessorImpl.newInstance0(Native Method)\r\n\tat sun.reflect.NativeConstructorAccessorImpl.newInstance(NativeConstructorAccessorImpl.java:62)\r\n\tat sun.reflect.DelegatingConstructorAccessorImpl.newInstance(DelegatingConstructorAccessorImpl.java:45)\r\n\tat java.lang.reflect.Constructor.newInstance(Constructor.java:423)\r\n\tat org.openqa.selenium.remote.http.W3CHttpResponseCodec.createException(W3CHttpResponseCodec.java:187)\r\n\tat org.openqa.selenium.remote.http.W3CHttpResponseCodec.decode(W3CHttpResponseCodec.java:122)\r\n\tat org.openqa.selenium.remote.http.W3CHttpResponseCodec.decode(W3CHttpResponseCodec.java:49)\r\n\tat org.openqa.selenium.remote.HttpCommandExecutor.execute(HttpCommandExecutor.java:158)\r\n\tat org.openqa.selenium.remote.RemoteWebDriver.execute(RemoteWebDriver.java:552)\r\n\tat org.openqa.selenium.remote.RemoteWebElement.execute(RemoteWebElement.java:285)\r\n\tat org.openqa.selenium.remote.RemoteWebElement.click(RemoteWebElement.java:84)\r\n\tat sun.reflect.GeneratedMethodAccessor21.invoke(Unknown Source)\r\n\tat sun.reflect.DelegatingMethodAccessorImpl.invoke(DelegatingMethodAccessorImpl.java:43)\r\n\tat java.lang.reflect.Method.invoke(Method.java:498)\r\n\tat org.openqa.selenium.support.pagefactory.internal.LocatingElementHandler.invoke(LocatingElementHandler.java:51)\r\n\tat com.sun.proxy.$Proxy19.click(Unknown Source)\r\n\tat PageObject.GroupPage.clickOnGroupButton(GroupPage.java:61)\r\n\tat Tests.editGroup.asAdminTryEditGroup(editGroup.java:27)\r\n\tat sun.reflect.NativeMethodAccessorImpl.invoke0(Native Method)\r\n\tat sun.reflect.NativeMethodAccessorImpl.invoke(NativeMethodAccessorImpl.java:62)\r\n\tat sun.reflect.DelegatingMethodAccessorImpl.invoke(DelegatingMethodAccessorImpl.java:43)\r\n\tat java.lang.reflect.Method.invoke(Method.java:498)\r\n\tat org.testng.internal.MethodInvocationHelper.invokeMethod(MethodInvocationHelper.java:133)\r\n\tat org.testng.internal.TestInvoker.invokeMethod(TestInvoker.java:584)\r\n\tat org.testng.internal.TestInvoker.invokeTestMethod(TestInvoker.java:172)\r\n\tat org.testng.internal.MethodRunner.runInSequence(MethodRunner.java:46)\r\n\tat org.testng.internal.TestInvoker$MethodInvocationAgent.invoke(TestInvoker.java:804)\r\n\tat org.testng.internal.TestInvoker.invokeTestMethods(TestInvoker.java:145)\r\n\tat org.testng.internal.TestMethodWorker.invokeTestMethods(TestMethodWorker.java:146)\r\n\tat org.testng.internal.TestMethodWorker.run(TestMethodWorker.java:128)\r\n\tat java.util.concurrent.ThreadPoolExecutor.runWorker(ThreadPoolExecutor.java:1149)\r\n\tat java.util.concurrent.ThreadPoolExecutor$Worker.run(ThreadPoolExecutor.java:624)\r\n\tat java.lang.Thread.run(Thread.java:748)\r\n"},"stage":"finished","steps":[],"attachments":[],"parameters":[],"start":1597304283662,"stop":1597304284893}],"attachments":[],"parameters":[],"start":1597304273652,"stop":1597304284894,"uuid":"181a4a83-f89c-4f9b-b672-7774b278306b","historyId":"1a44cdd1351242f9ae8e94b4aeaaf74e","fullName":"Tests.editGroup.asAdminTryEditGroup","labels":[{"name":"package","value":"Tests.editGroup"},{"name":"testClass","value":"Tests.editGroup"},{"name":"testMethod","value":"asAdminTryEditGroup"},{"name":"parentSuite","value":"My Suite"},{"name":"suite","value":"test"},{"name":"subSuite","value":"Tests.editGroup"},{"name":"host","value":"LENOVO-PBLDPFA"},{"name":"thread","value":"1300@LENOVO-PBLDPFA.TestNG-test=test-1(12)"},{"name":"framework","value":"testng"},{"name":"language","value":"java"}],"links":[]}