{"name":"as Admin Try Delete Privilege From Role","status":"skipped","statusDetails":{"known":false,"muted":false,"flaky":false,"message":"did not expect to find [true] but found [false]","trace":"java.lang.AssertionError: did not expect to find [true] but found [false]\r\n\tat org.testng.Assert.fail(Assert.java:97)\r\n\tat org.testng.Assert.failNotEquals(Assert.java:969)\r\n\tat org.testng.Assert.assertTrue(Assert.java:43)\r\n\tat org.testng.Assert.assertTrue(Assert.java:53)\r\n\tat PageObject.Roles.validateDeletePermissionForRole(Roles.java:234)\r\n\tat Tests.deletePrivilegeFromRole.asAdminTryDeletePrivilegeFromRole(deletePrivilegeFromRole.java:35)\r\n\tat sun.reflect.NativeMethodAccessorImpl.invoke0(Native Method)\r\n\tat sun.reflect.NativeMethodAccessorImpl.invoke(NativeMethodAccessorImpl.java:62)\r\n\tat sun.reflect.DelegatingMethodAccessorImpl.invoke(DelegatingMethodAccessorImpl.java:43)\r\n\tat java.lang.reflect.Method.invoke(Method.java:498)\r\n\tat org.testng.internal.MethodInvocationHelper.invokeMethod(MethodInvocationHelper.java:133)\r\n\tat org.testng.internal.TestInvoker.invokeMethod(TestInvoker.java:584)\r\n\tat org.testng.internal.TestInvoker.invokeTestMethod(TestInvoker.java:172)\r\n\tat org.testng.internal.MethodRunner.runInSequence(MethodRunner.java:46)\r\n\tat org.testng.internal.TestInvoker$MethodInvocationAgent.invoke(TestInvoker.java:804)\r\n\tat org.testng.internal.TestInvoker.invokeTestMethods(TestInvoker.java:145)\r\n\tat org.testng.internal.TestMethodWorker.invokeTestMethods(TestMethodWorker.java:146)\r\n\tat org.testng.internal.TestMethodWorker.run(TestMethodWorker.java:128)\r\n\tat java.util.ArrayList.forEach(ArrayList.java:1257)\r\n\tat org.testng.TestRunner.privateRun(TestRunner.java:770)\r\n\tat org.testng.TestRunner.run(TestRunner.java:591)\r\n\tat org.testng.SuiteRunner.runTest(SuiteRunner.java:402)\r\n\tat org.testng.SuiteRunner.runSequentially(SuiteRunner.java:396)\r\n\tat org.testng.SuiteRunner.privateRun(SuiteRunner.java:355)\r\n\tat org.testng.SuiteRunner.run(SuiteRunner.java:304)\r\n\tat org.testng.SuiteRunnerWorker.runSuite(SuiteRunnerWorker.java:53)\r\n\tat org.testng.SuiteRunnerWorker.run(SuiteRunnerWorker.java:96)\r\n\tat org.testng.TestNG.runSuitesSequentially(TestNG.java:1180)\r\n\tat org.testng.TestNG.runSuitesLocally(TestNG.java:1102)\r\n\tat org.testng.TestNG.runSuites(TestNG.java:1032)\r\n\tat org.testng.TestNG.run(TestNG.java:1000)\r\n\tat com.intellij.rt.testng.IDEARemoteTestNG.run(IDEARemoteTestNG.java:66)\r\n\tat com.intellij.rt.testng.RemoteTestNGStarter.main(RemoteTestNGStarter.java:110)\r\n"},"stage":"finished","steps":[{"name":"typeIntoPhoneNumberField","status":"passed","stage":"finished","steps":[],"attachments":[],"parameters":[{"name":"phoneNumber","value":"+48617890766"}],"start":1597333404586,"stop":1597333405106},{"name":"typeIntoUsernameField","status":"passed","stage":"finished","steps":[],"attachments":[],"parameters":[{"name":"user","value":"u.user1"}],"start":1597333405106,"stop":1597333405353},{"name":"typeIntoPasswordField","status":"passed","stage":"finished","steps":[],"attachments":[],"parameters":[{"name":"pass","value":"pass1"}],"start":1597333405354,"stop":1597333405623},{"name":"clickIntoLogInButton","status":"passed","stage":"finished","steps":[],"attachments":[],"parameters":[],"start":1597333405624,"stop":1597333405984},{"name":"checkPositiveLoginToApp","status":"passed","stage":"finished","steps":[],"attachments":[],"parameters":[],"start":1597333405985,"stop":1597333408254},{"name":"clickOnUserAndPermissionButton","status":"passed","stage":"finished","steps":[],"attachments":[],"parameters":[],"start":1597333408308,"stop":1597333413010},{"name":"clickOnRolesButton","status":"passed","stage":"finished","steps":[],"attachments":[],"parameters":[],"start":1597333413042,"stop":1597333413465},{"name":"clickOpenRole","status":"passed","stage":"finished","steps":[],"attachments":[],"parameters":[],"start":1597333413466,"stop":1597333414135},{"name":"clickOnDeletePrivilegeFromRoleButton","status":"passed","stage":"finished","steps":[],"attachments":[],"parameters":[],"start":1597333414136,"stop":1597333414382},{"name":"clickOnAcceptPopupButton","status":"passed","stage":"finished","steps":[],"attachments":[],"parameters":[],"start":1597333414387,"stop":1597333415058},{"name":"validateDeletePermissionForRole","status":"failed","statusDetails":{"known":false,"muted":false,"flaky":false,"message":"did not expect to find [true] but found [false]","trace":"java.lang.AssertionError: did not expect to find [true] but found [false]\r\n\tat org.testng.Assert.fail(Assert.java:97)\r\n\tat org.testng.Assert.failNotEquals(Assert.java:969)\r\n\tat org.testng.Assert.assertTrue(Assert.java:43)\r\n\tat org.testng.Assert.assertTrue(Assert.java:53)\r\n\tat PageObject.Roles.validateDeletePermissionForRole(Roles.java:234)\r\n\tat Tests.deletePrivilegeFromRole.asAdminTryDeletePrivilegeFromRole(deletePrivilegeFromRole.java:35)\r\n\tat sun.reflect.NativeMethodAccessorImpl.invoke0(Native Method)\r\n\tat sun.reflect.NativeMethodAccessorImpl.invoke(NativeMethodAccessorImpl.java:62)\r\n\tat sun.reflect.DelegatingMethodAccessorImpl.invoke(DelegatingMethodAccessorImpl.java:43)\r\n\tat java.lang.reflect.Method.invoke(Method.java:498)\r\n\tat org.testng.internal.MethodInvocationHelper.invokeMethod(MethodInvocationHelper.java:133)\r\n\tat org.testng.internal.TestInvoker.invokeMethod(TestInvoker.java:584)\r\n\tat org.testng.internal.TestInvoker.invokeTestMethod(TestInvoker.java:172)\r\n\tat org.testng.internal.MethodRunner.runInSequence(MethodRunner.java:46)\r\n\tat org.testng.internal.TestInvoker$MethodInvocationAgent.invoke(TestInvoker.java:804)\r\n\tat org.testng.internal.TestInvoker.invokeTestMethods(TestInvoker.java:145)\r\n\tat org.testng.internal.TestMethodWorker.invokeTestMethods(TestMethodWorker.java:146)\r\n\tat org.testng.internal.TestMethodWorker.run(TestMethodWorker.java:128)\r\n\tat java.util.ArrayList.forEach(ArrayList.java:1257)\r\n\tat org.testng.TestRunner.privateRun(TestRunner.java:770)\r\n\tat org.testng.TestRunner.run(TestRunner.java:591)\r\n\tat org.testng.SuiteRunner.runTest(SuiteRunner.java:402)\r\n\tat org.testng.SuiteRunner.runSequentially(SuiteRunner.java:396)\r\n\tat org.testng.SuiteRunner.privateRun(SuiteRunner.java:355)\r\n\tat org.testng.SuiteRunner.run(SuiteRunner.java:304)\r\n\tat org.testng.SuiteRunnerWorker.runSuite(SuiteRunnerWorker.java:53)\r\n\tat org.testng.SuiteRunnerWorker.run(SuiteRunnerWorker.java:96)\r\n\tat org.testng.TestNG.runSuitesSequentially(TestNG.java:1180)\r\n\tat org.testng.TestNG.runSuitesLocally(TestNG.java:1102)\r\n\tat org.testng.TestNG.runSuites(TestNG.java:1032)\r\n\tat org.testng.TestNG.run(TestNG.java:1000)\r\n\tat com.intellij.rt.testng.IDEARemoteTestNG.run(IDEARemoteTestNG.java:66)\r\n\tat com.intellij.rt.testng.RemoteTestNGStarter.main(RemoteTestNGStarter.java:110)\r\n"},"stage":"finished","steps":[],"attachments":[],"parameters":[],"start":1597333415059,"stop":1597333415101}],"attachments":[],"parameters":[],"start":1597333404391,"stop":1597333415109,"uuid":"cdd250c9-d3f4-4881-a162-8714e14c5b7a","historyId":"d0739f7b5d5f79a107efc988910db671","fullName":"Tests.deletePrivilegeFromRole.asAdminTryDeletePrivilegeFromRole","labels":[{"name":"package","value":"Tests.deletePrivilegeFromRole"},{"name":"testClass","value":"Tests.deletePrivilegeFromRole"},{"name":"testMethod","value":"asAdminTryDeletePrivilegeFromRole"},{"name":"parentSuite","value":"Default Suite"},{"name":"suite","value":"TestyWCO"},{"name":"subSuite","value":"Tests.deletePrivilegeFromRole"},{"name":"host","value":"LENOVO-PBLDPFA"},{"name":"thread","value":"11968@LENOVO-PBLDPFA.main(1)"},{"name":"framework","value":"testng"},{"name":"language","value":"java"}],"links":[]}