<html>
<head>
<title>TestNG:  SearchUserOnListTest</title>
<link href="../testng.css" rel="stylesheet" type="text/css" />
<link href="../my-testng.css" rel="stylesheet" type="text/css" />

<style type="text/css">
.log { display: none;} 
.stack-trace { display: none;} 
</style>
<script type="text/javascript">
<!--
function flip(e) {
  current = e.style.display;
  if (current == 'block') {
    e.style.display = 'none';
    return 0;
  }
  else {
    e.style.display = 'block';
    return 1;
  }
}

function toggleBox(szDivId, elem, msg1, msg2)
{
  var res = -1;  if (document.getElementById) {
    res = flip(document.getElementById(szDivId));
  }
  else if (document.all) {
    // this is the way old msie versions work
    res = flip(document.all[szDivId]);
  }
  if(elem) {
    if(res == 0) elem.innerHTML = msg1; else elem.innerHTML = msg2;
  }

}

function toggleAllBoxes() {
  if (document.getElementsByTagName) {
    d = document.getElementsByTagName('div');
    for (i = 0; i < d.length; i++) {
      if (d[i].className == 'log') {
        flip(d[i]);
      }
    }
  }
}

// -->
</script>

</head>
<body>
<h2 align='center'>SearchUserOnListTest</h2><table border='1' align="center">
<tr>
<td>Tests passed/Failed/Skipped:</td><td>0/1/0</td>
</tr><tr>
<td>Started on:</td><td>Wed Jun 10 12:05:49 CEST 2020</td>
</tr>
<tr><td>Total time:</td><td>18 seconds (18210 ms)</td>
</tr><tr>
<td>Included groups:</td><td></td>
</tr><tr>
<td>Excluded groups:</td><td></td>
</tr>
</table><p/>
<small><i>(Hover the method name to see the test class name)</i></small><p/>
<table width='100%' border='1' class='invocation-failed'>
<tr><td colspan='4' align='center'><b>FAILED TESTS</b></td></tr>
<tr><td><b>Test method</b></td>
<td width="30%"><b>Exception</b></td>
<td width="10%"><b>Time (seconds)</b></td>
<td><b>Instance</b></td>
</tr>
<tr>
<td title='Tests.SearchUserOnListTest.asUserTrySearchUserOnTheList()'><b>asUserTrySearchUserOnTheList</b><br>Test class: Tests.SearchUserOnListTest</td>
<td><div><pre>java.lang.AssertionError: did not expect to find [true] but found [false]
	at PageObject.UserList.checkIfTheUserYouAreLookingForExists(UserList.java:66)
	at Tests.SearchUserOnListTest.asUserTrySearchUserOnTheList(SearchUserOnListTest.java:22)
	at java.util.ArrayList.forEach(ArrayList.java:1257)
... Removed 35 stack frames</pre></div><a href='#' onClick='toggleBox("stack-trace1826491497", this, "Click to show all stack frames", "Click to hide stack frames")'>Click to show all stack frames</a>
<div class='stack-trace' id='stack-trace1826491497'><pre>java.lang.AssertionError: did not expect to find [true] but found [false]
	at org.testng.Assert.fail(Assert.java:97)
	at org.testng.Assert.failNotEquals(Assert.java:969)
	at org.testng.Assert.assertTrue(Assert.java:43)
	at org.testng.Assert.assertTrue(Assert.java:53)
	at PageObject.UserList.checkIfTheUserYouAreLookingForExists(UserList.java:66)
	at Tests.SearchUserOnListTest.asUserTrySearchUserOnTheList(SearchUserOnListTest.java:22)
	at sun.reflect.NativeMethodAccessorImpl.invoke0(Native Method)
	at sun.reflect.NativeMethodAccessorImpl.invoke(NativeMethodAccessorImpl.java:62)
	at sun.reflect.DelegatingMethodAccessorImpl.invoke(DelegatingMethodAccessorImpl.java:43)
	at java.lang.reflect.Method.invoke(Method.java:498)
	at org.testng.internal.MethodInvocationHelper.invokeMethod(MethodInvocationHelper.java:133)
	at org.testng.internal.TestInvoker.invokeMethod(TestInvoker.java:584)
	at org.testng.internal.TestInvoker.invokeTestMethod(TestInvoker.java:172)
	at org.testng.internal.MethodRunner.runInSequence(MethodRunner.java:46)
	at org.testng.internal.TestInvoker$MethodInvocationAgent.invoke(TestInvoker.java:804)
	at org.testng.internal.TestInvoker.invokeTestMethods(TestInvoker.java:145)
	at org.testng.internal.TestMethodWorker.invokeTestMethods(TestMethodWorker.java:146)
	at org.testng.internal.TestMethodWorker.run(TestMethodWorker.java:128)
	at java.util.ArrayList.forEach(ArrayList.java:1257)
	at org.testng.TestRunner.privateRun(TestRunner.java:770)
	at org.testng.TestRunner.run(TestRunner.java:591)
	at org.testng.SuiteRunner.runTest(SuiteRunner.java:402)
	at org.testng.SuiteRunner.runSequentially(SuiteRunner.java:396)
	at org.testng.SuiteRunner.privateRun(SuiteRunner.java:355)
	at org.testng.SuiteRunner.run(SuiteRunner.java:304)
	at org.testng.SuiteRunnerWorker.runSuite(SuiteRunnerWorker.java:53)
	at org.testng.SuiteRunnerWorker.run(SuiteRunnerWorker.java:96)
	at org.testng.TestNG.runSuitesSequentially(TestNG.java:1180)
	at org.testng.TestNG.runSuitesLocally(TestNG.java:1102)
	at org.testng.TestNG.runSuites(TestNG.java:1032)
	at org.testng.TestNG.run(TestNG.java:1000)
	at org.apache.maven.surefire.testng.TestNGExecutor.run(TestNGExecutor.java:283)
	at org.apache.maven.surefire.testng.TestNGXmlTestSuite.execute(TestNGXmlTestSuite.java:75)
	at org.apache.maven.surefire.testng.TestNGProvider.invoke(TestNGProvider.java:120)
	at org.apache.maven.surefire.booter.ForkedBooter.invokeProviderInSameClassLoader(ForkedBooter.java:379)
	at org.apache.maven.surefire.booter.ForkedBooter.runSuitesInProcess(ForkedBooter.java:340)
	at org.apache.maven.surefire.booter.ForkedBooter.execute(ForkedBooter.java:125)
	at org.apache.maven.surefire.booter.ForkedBooter.main(ForkedBooter.java:413)
</pre></div></td>
<td>6</td>
<td>Tests.SearchUserOnListTest@4a3e3e8b</td></tr>
</table><p>
<table width='100%' border='1' class='invocation-passed'>
<tr><td colspan='4' align='center'><b>PASSED TESTS</b></td></tr>
<tr><td><b>Test method</b></td>
<td width="30%"><b>Exception</b></td>
<td width="10%"><b>Time (seconds)</b></td>
<td><b>Instance</b></td>
</tr>
<tr>
<td title='Tests.BuyAnAdditionalPackageFromTheStore.asUserTryBuyAnAdditionalPackageFromTheStore()'><b>asUserTryBuyAnAdditionalPackageFromTheStore</b><br>Test class: Tests.BuyAnAdditionalPackageFromTheStore</td>
<td></td>
<td>7</td>
<td>Tests.BuyAnAdditionalPackageFromTheStore@4a9f80d3</td></tr>
<tr>
<td title='Tests.BuyingFunctionalityInTheStoreAndExceedingTheAmountToBeUsed.asUserTryBuyFunctionalitiesWithExceedingTheAmountToBeUsedFromTheStore()'><b>asUserTryBuyFunctionalitiesWithExceedingTheAmountToBeUsedFromTheStore</b><br>Test class: Tests.BuyingFunctionalityInTheStoreAndExceedingTheAmountToBeUsed</td>
<td></td>
<td>7</td>
<td>Tests.BuyingFunctionalityInTheStoreAndExceedingTheAmountToBeUsed@66629f63</td></tr>
<tr>
<td title='Tests.BuyingNewFunctionalitiesFromTheStore.asUserTryBuyNewFunctionalitiesFromTheStore()'><b>asUserTryBuyNewFunctionalitiesFromTheStore</b><br>Test class: Tests.BuyingNewFunctionalitiesFromTheStore</td>
<td></td>
<td>6</td>
<td>Tests.BuyingNewFunctionalitiesFromTheStore@1568159</td></tr>
<tr>
<td title='Tests.RecordingTest.asUserTryEditTagsInRecords()'><b>asUserTryEditTagsInRecords</b><br>Test class: Tests.RecordingTest</td>
<td></td>
<td>9</td>
<td>Tests.RecordingTest@7859e786</td></tr>
<tr>
<td title='Tests.EditConnectionsSettingsTest.asUserTryEditUserSettings()'><b>asUserTryEditUserSettings</b><br>Test class: Tests.EditConnectionsSettingsTest</td>
<td></td>
<td>7</td>
<td>Tests.EditConnectionsSettingsTest@5c48c0c0</td></tr>
<tr>
<td title='Tests.CsvExport.asUserTryExportCsvFile()'><b>asUserTryExportCsvFile</b><br>Test class: Tests.CsvExport</td>
<td></td>
<td>5</td>
<td>Tests.CsvExport@6e521c1e</td></tr>
<tr>
<td title='Tests.GenerateCyclicalReport.asUserTryGenerateCyclicalReport()'><b>asUserTryGenerateCyclicalReport</b><br>Test class: Tests.GenerateCyclicalReport</td>
<td></td>
<td>7</td>
<td>Tests.GenerateCyclicalReport@439a8f59</td></tr>
<tr>
<td title='Tests.GenerateSingleReport.asUserTryGenerateSingleReport()'><b>asUserTryGenerateSingleReport</b><br>Test class: Tests.GenerateSingleReport</td>
<td></td>
<td>6</td>
<td>Tests.GenerateSingleReport@3a4e343</td></tr>
<tr>
<td title='Tests.ImportCsv.asUserTryImportCsvFile()'><b>asUserTryImportCsvFile</b><br>Test class: Tests.ImportCsv</td>
<td></td>
<td>3</td>
<td>Tests.ImportCsv@72ccd81a</td></tr>
<tr>
<td title='Tests.LoginFailedTest.asUserTryLogintoAccountFail()'><b>asUserTryLogintoAccountFail</b><br>Test class: Tests.LoginFailedTest</td>
<td></td>
<td>5</td>
<td>Tests.LoginFailedTest@2f162cc0</td></tr>
<tr>
<td title='Tests.PositiveLoginTest.asUserTryPositiveLogintoAccount()'><b>asUserTryPositiveLogintoAccount</b><br>Test class: Tests.PositiveLoginTest</td>
<td></td>
<td>1</td>
<td>Tests.PositiveLoginTest@71c5b236</td></tr>
</table><p>
</body>
</html>